com.icfassignment.employeeException.EmployeeDetailsException: Employees Doesn't Exist
	at com.icfassignment.service.EmployeeServiceImpl.getAllEmployees(EmployeeServiceImpl.java:25) ~[classes/:?]
	at com.icfassignment.service.EmployeeServiceImpl$$FastClassBySpringCGLIB$$ed2707cc.invoke(<generated>) ~[classes/:?]
	at org.springframework.cglib.proxy.MethodProxy.invoke(MethodProxy.java:218) ~[spring-core-5.3.5.jar:5.3.5]
	at org.springframework.aop.framework.CglibAopProxy$CglibMethodInvocation.invokeJoinpoint(CglibAopProxy.java:779) ~[spring-aop-5.3.5.jar:5.3.5]
	at org.springframework.aop.framework.ReflectiveMethodInvocation.proceed(ReflectiveMethodInvocation.java:163) ~[spring-aop-5.3.5.jar:5.3.5]
	at org.springframework.aop.framework.CglibAopProxy$CglibMethodInvocation.proceed(CglibAopProxy.java:750) ~[spring-aop-5.3.5.jar:5.3.5]
	at org.springframework.aop.aspectj.AspectJAfterThrowingAdvice.invoke(AspectJAfterThrowingAdvice.java:64) [spring-aop-5.3.5.jar:5.3.5]
	at org.springframework.aop.framework.ReflectiveMethodInvocation.proceed(ReflectiveMethodInvocation.java:186) [spring-aop-5.3.5.jar:5.3.5]
	at org.springframework.aop.framework.CglibAopProxy$CglibMethodInvocation.proceed(CglibAopProxy.java:750) [spring-aop-5.3.5.jar:5.3.5]
	at org.springframework.aop.aspectj.AspectJAfterAdvice.invoke(AspectJAfterAdvice.java:49) [spring-aop-5.3.5.jar:5.3.5]
	at org.springframework.aop.framework.ReflectiveMethodInvocation.proceed(ReflectiveMethodInvocation.java:186) [spring-aop-5.3.5.jar:5.3.5]
	at org.springframework.aop.framework.CglibAopProxy$CglibMethodInvocation.proceed(CglibAopProxy.java:750) [spring-aop-5.3.5.jar:5.3.5]
	at org.springframework.aop.framework.adapter.MethodBeforeAdviceInterceptor.invoke(MethodBeforeAdviceInterceptor.java:58) [spring-aop-5.3.5.jar:5.3.5]
	at org.springframework.aop.framework.ReflectiveMethodInvocation.proceed(ReflectiveMethodInvocation.java:186) [spring-aop-5.3.5.jar:5.3.5]
	at org.springframework.aop.framework.CglibAopProxy$CglibMethodInvocation.proceed(CglibAopProxy.java:750) [spring-aop-5.3.5.jar:5.3.5]
	at org.springframework.aop.interceptor.ExposeInvocationInterceptor.invoke(ExposeInvocationInterceptor.java:97) [spring-aop-5.3.5.jar:5.3.5]
	at org.springframework.aop.framework.ReflectiveMethodInvocation.proceed(ReflectiveMethodInvocation.java:186) [spring-aop-5.3.5.jar:5.3.5]
	at org.springframework.aop.framework.CglibAopProxy$CglibMethodInvocation.proceed(CglibAopProxy.java:750) [spring-aop-5.3.5.jar:5.3.5]
	at org.springframework.aop.framework.CglibAopProxy$DynamicAdvisedInterceptor.intercept(CglibAopProxy.java:692) [spring-aop-5.3.5.jar:5.3.5]
	at com.icfassignment.service.EmployeeServiceImpl$$EnhancerBySpringCGLIB$$ec9f89cf.getAllEmployees(<generated>) [classes/:?]
	at com.icfassignment.controller.EmployeeController.getAllEmployeeDetails(EmployeeController.java:20) [classes/:?]
	at com.icfassignment.EmployeeDetailsApplication.run(EmployeeDetailsApplication.java:26) [classes/:?]
	at org.springframework.boot.SpringApplication.callRunner(SpringApplication.java:806) [spring-boot-2.4.4.jar:2.4.4]
	at org.springframework.boot.SpringApplication.callRunners(SpringApplication.java:790) [spring-boot-2.4.4.jar:2.4.4]
	at org.springframework.boot.SpringApplication.run(SpringApplication.java:333) [spring-boot-2.4.4.jar:2.4.4]
	at org.springframework.boot.SpringApplication.run(SpringApplication.java:1313) [spring-boot-2.4.4.jar:2.4.4]
	at org.springframework.boot.SpringApplication.run(SpringApplication.java:1302) [spring-boot-2.4.4.jar:2.4.4]
	at com.icfassignment.EmployeeDetailsApplication.main(EmployeeDetailsApplication.java:14) [classes/:?]
Logging... Service Method Exceuted Successfully
20:24:27.009 [main] ERROR org.springframework.boot.SpringApplication - Application run failed
java.lang.IllegalStateException: Failed to execute CommandLineRunner
	at org.springframework.boot.SpringApplication.callRunner(SpringApplication.java:809) [spring-boot-2.4.4.jar:2.4.4]
	at org.springframework.boot.SpringApplication.callRunners(SpringApplication.java:790) [spring-boot-2.4.4.jar:2.4.4]
	at org.springframework.boot.SpringApplication.run(SpringApplication.java:333) [spring-boot-2.4.4.jar:2.4.4]
	at org.springframework.boot.SpringApplication.run(SpringApplication.java:1313) [spring-boot-2.4.4.jar:2.4.4]
	at org.springframework.boot.SpringApplication.run(SpringApplication.java:1302) [spring-boot-2.4.4.jar:2.4.4]
	at com.icfassignment.EmployeeDetailsApplication.main(EmployeeDetailsApplication.java:14) [classes/:?]
Caused by: com.icfassignment.employeeException.EmployeeDetailsException: Employees Doesn't Exist
	at com.icfassignment.service.EmployeeServiceImpl.getAllEmployees(EmployeeServiceImpl.java:25) ~[classes/:?]
	at com.icfassignment.service.EmployeeServiceImpl$$FastClassBySpringCGLIB$$ed2707cc.invoke(<generated>) ~[classes/:?]
	at org.springframework.cglib.proxy.MethodProxy.invoke(MethodProxy.java:218) ~[spring-core-5.3.5.jar:5.3.5]
	at org.springframework.aop.framework.CglibAopProxy$CglibMethodInvocation.invokeJoinpoint(CglibAopProxy.java:779) ~[spring-aop-5.3.5.jar:5.3.5]
	at org.springframework.aop.framework.ReflectiveMethodInvocation.proceed(ReflectiveMethodInvocation.java:163) ~[spring-aop-5.3.5.jar:5.3.5]
	at org.springframework.aop.framework.CglibAopProxy$CglibMethodInvocation.proceed(CglibAopProxy.java:750) ~[spring-aop-5.3.5.jar:5.3.5]
	at org.springframework.aop.aspectj.AspectJAfterThrowingAdvice.invoke(AspectJAfterThrowingAdvice.java:64) ~[spring-aop-5.3.5.jar:5.3.5]
	at org.springframework.aop.framework.ReflectiveMethodInvocation.proceed(ReflectiveMethodInvocation.java:186) ~[spring-aop-5.3.5.jar:5.3.5]
	at org.springframework.aop.framework.CglibAopProxy$CglibMethodInvocation.proceed(CglibAopProxy.java:750) ~[spring-aop-5.3.5.jar:5.3.5]
	at org.springframework.aop.aspectj.AspectJAfterAdvice.invoke(AspectJAfterAdvice.java:49) ~[spring-aop-5.3.5.jar:5.3.5]
	at org.springframework.aop.framework.ReflectiveMethodInvocation.proceed(ReflectiveMethodInvocation.java:186) ~[spring-aop-5.3.5.jar:5.3.5]
	at org.springframework.aop.framework.CglibAopProxy$CglibMethodInvocation.proceed(CglibAopProxy.java:750) ~[spring-aop-5.3.5.jar:5.3.5]
	at org.springframework.aop.framework.adapter.MethodBeforeAdviceInterceptor.invoke(MethodBeforeAdviceInterceptor.java:58) ~[spring-aop-5.3.5.jar:5.3.5]
	at org.springframework.aop.framework.ReflectiveMethodInvocation.proceed(ReflectiveMethodInvocation.java:186) ~[spring-aop-5.3.5.jar:5.3.5]
	at org.springframework.aop.framework.CglibAopProxy$CglibMethodInvocation.proceed(CglibAopProxy.java:750) ~[spring-aop-5.3.5.jar:5.3.5]
	at org.springframework.aop.interceptor.ExposeInvocationInterceptor.invoke(ExposeInvocationInterceptor.java:97) ~[spring-aop-5.3.5.jar:5.3.5]
	at org.springframework.aop.framework.ReflectiveMethodInvocation.proceed(ReflectiveMethodInvocation.java:186) ~[spring-aop-5.3.5.jar:5.3.5]
	at org.springframework.aop.framework.CglibAopProxy$CglibMethodInvocation.proceed(CglibAopProxy.java:750) ~[spring-aop-5.3.5.jar:5.3.5]
	at org.springframework.aop.framework.CglibAopProxy$DynamicAdvisedInterceptor.intercept(CglibAopProxy.java:692) ~[spring-aop-5.3.5.jar:5.3.5]
	at com.icfassignment.service.EmployeeServiceImpl$$EnhancerBySpringCGLIB$$ec9f89cf.getAllEmployees(<generated>) ~[classes/:?]
	at com.icfassignment.controller.EmployeeController.getAllEmployeeDetails(EmployeeController.java:20) ~[classes/:?]
	at com.icfassignment.EmployeeDetailsApplication.run(EmployeeDetailsApplication.java:26) ~[classes/:?]
	at org.springframework.boot.SpringApplication.callRunner(SpringApplication.java:806) ~[spring-boot-2.4.4.jar:2.4.4]
	... 5 more
